<?xml version="1.0" encoding="UTF-8"?>
<testsuite name="TwoferTest" tests="3" skipped="0" failures="0" errors="0" timestamp="2023-06-21T18:19:25" hostname="PAYSMART070" time="0.317">
  <properties/>
  <testcase name="noNameGiven" classname="TwoferTest" time="0.292"/>
  <testcase name="aNameGiven" classname="TwoferTest" time="0.017"/>
  <testcase name="anotherNameGiven" classname="TwoferTest" time="0.001"/>
  <system-out><![CDATA[]]></system-out>
  <system-err><![CDATA[]]></system-err>
</testsuite>
